[03:19:58.996][INFO][CraftTweaker-EarlyInit]: CraftTweaker is running on a Minecraft 1.20.1 production server modded with platform Forge
[03:19:59.029][INFO][CraftTweaker-EarlyInit]: Successfully injected RecipeFS file system
[03:19:59.098][INFO][CraftTweaker-Plugins]: Successfully identified and loaded plugin crafttweaker:builtin
[03:19:59.100][INFO][CraftTweaker-Plugins]: Successfully identified and loaded plugin crafttweaker:builtin_forge
[03:19:59.102][INFO][CraftTweaker-Plugins]: Successfully identified and loaded plugin createtweaker:main
[03:19:59.107][INFO][CraftTweaker-Plugins]: Successfully identified and loaded plugin farmersdelight:crafttweaker_plugin
[03:19:59.108][INFO][CraftTweaker-Plugins]: Successfully identified and loaded plugin refurbished_furniture:plugin
[03:20:00.653][INFO][CraftTweaker]: The following mods have explicit CraftTweaker support through the default plugin:
[03:20:00.655][INFO][CraftTweaker]: - 'crafttweaker' at version '14.0.48'
[03:20:00.655][INFO][CraftTweaker]: - 'createtweaker' at version '4.0.13'
[03:20:00.655][INFO][CraftTweaker]: - 'farmersdelight' at version '1.20.1-1.2.6'
[03:20:00.655][INFO][CraftTweaker]: - 'refurbished_furniture' at version '1.0.8'
[03:20:11.942][INFO][CraftTweaker-ZenCode]: Started loading scripts for loader 'initialize'
[03:20:13.268][INFO][CraftTweaker-ZenCode]: Compiling and executing scripts
[03:20:13.500][INFO][CraftTweaker-ZenCode]: Successfully initialized modules [crafttweaker, expansions]
[03:20:13.905][INFO][CraftTweaker-ZenCode]: Execution for loader 'initialize' completed successfully
[03:20:43.652][INFO][CraftTweaker-ZenCode]: Started loading scripts for loader 'tags'
[03:20:43.701][INFO][CraftTweaker-ZenCode]: Compiling and executing scripts
[03:20:43.726][INFO][CraftTweaker-ZenCode]: Successfully initialized modules [crafttweaker, expansions]
[03:20:43.742][INFO][CraftTweaker-ZenCode]: Execution for loader 'tags' completed successfully
[03:20:44.718][INFO][CraftTweaker]: crafttweaker.reload.start
[03:20:44.723][INFO][CraftTweaker-ZenCode]: Started loading scripts for loader 'crafttweaker'
[03:20:44.755][INFO][CraftTweaker-ZenCode]: Compiling and executing scripts
[03:20:45.237][INFO][CraftTweaker-ZenCode]: Successfully initialized modules [mods, crafttweaker, expansions]
[03:20:45.251][INFO][CraftTweaker-ZenCode]: Execution for loader 'crafttweaker' completed successfully
[03:20:45.253][INFO][CraftTweaker]: crafttweaker.reload.complete
