[00:08:51] [ServerMain/INFO]: Environment: authHost='https://authserver.mojang.com', accountsHost='https://api.mojang.com', sessionHost='https://sessionserver.mojang.com', servicesHost='https://api.minecraftservices.com', name='PROD'
[00:08:51] [ServerMain/INFO]: Found new data pack file/bukkit, loading it automatically
[00:08:52] [ServerMain/INFO]: Loaded 7 recipes
[00:08:53] [Server thread/INFO]: Starting minecraft server version 1.20.1
[00:08:53] [Server thread/INFO]: Loading properties
[00:08:53] [Server thread/INFO]: This server is running Paper version git-Paper-196 (MC: 1.20.1) (Implementing API version 1.20.1-R0.1-SNAPSHOT) (Git: 773dd72)
[00:08:53] [Server thread/INFO]: Server Ping Player Sample Count: 12
[00:08:53] [Server thread/INFO]: Using 4 threads for Netty based IO
[00:08:53] [Server thread/WARN]: [!] The timings profiler has been enabled but has been scheduled for removal from Paper in the future.
    We recommend installing the spark profiler as a replacement: https://spark.lucko.me/
    For more information please visit: https://github.com/PaperMC/Paper/issues/8948
[00:08:53] [Server thread/INFO]: [ChunkTaskScheduler] Chunk system is using 1 I/O threads, 1 worker threads, and gen parallelism of 1 threads
[00:08:54] [Server thread/INFO]: Default game type: SURVIVAL
[00:08:54] [Server thread/INFO]: Generating keypair
[00:08:54] [Server thread/INFO]: Starting Minecraft server on *:25565
[00:08:54] [Server thread/INFO]: Using epoll channel type
[00:08:54] [Server thread/INFO]: Paper: Using libdeflate (Linux x86_64) compression from Velocity.
[00:08:54] [Server thread/INFO]: Paper: Using OpenSSL 1.1.x (Linux x86_64) cipher from Velocity.
[00:08:54] [Server thread/INFO]: Server permissions file permissions.yml is empty, ignoring it
[00:08:54] [Server thread/WARN]: **** SERVER IS RUNNING IN OFFLINE/INSECURE MODE!
[00:08:54] [Server thread/WARN]: The server will make no attempt to authenticate usernames. Beware.
[00:08:54] [Server thread/WARN]: While this makes the game possible to play without internet access, it also opens up the ability for hackers to connect with any username they choose.
[00:08:54] [Server thread/WARN]: To change this, set "online-mode" to "true" in the server.properties file.
[00:08:54] [Server thread/INFO]: Preparing level "world"
[00:09:03] [Server thread/INFO]: Preparing start region for dimension minecraft:overworld
[00:09:03] [Server thread/INFO]: Time elapsed: 141 ms
[00:09:03] [Server thread/INFO]: Preparing start region for dimension minecraft:the_nether
[00:09:03] [Server thread/INFO]: Time elapsed: 59 ms
[00:09:03] [Server thread/INFO]: Preparing start region for dimension minecraft:the_end
[00:09:03] [Server thread/INFO]: Time elapsed: 44 ms
[00:09:03] [Server thread/INFO]: Running delayed init tasks
[00:09:03] [Server thread/INFO]: Done (10.214s)! For help, type "help"
[00:09:03] [Server thread/INFO]: Timings Reset
[00:09:22] [User Authenticator #0/INFO]: UUID of player AxelXDw50 is eabb81b0-6912-3337-9fec-9ce87f21428e
[00:09:24] [Server thread/INFO]: AxelXDw50 joined the game
[00:09:24] [Server thread/INFO]: AxelXDw50[/127.47.11.236:54517] logged in with entity id 40 at ([world]2.5, 87.0, -37.5)
[00:09:37] [User Authenticator #0/INFO]: UUID of player Shadowne_ is a846feb1-a590-3c81-a521-bdc6e6e92708
[00:09:37] [Server thread/INFO]: Shadowne_ joined the game
[00:09:37] [Server thread/INFO]: Shadowne_[/127.22.166.252:53777] logged in with entity id 132 at ([world]-6.5, 81.0, -25.5)
[00:12:38] [Server thread/INFO]: Shadowne_ has made the advancement [Stone Age]
[00:12:48] [Async Chat Thread - #1/INFO]: [Not Secure] <AxelXDw50> si
[00:13:12] [Server thread/INFO]: Shadowne_ has made the advancement [Getting an Upgrade]
[00:13:59] [Server thread/INFO]: AxelXDw50 has made the advancement [Stone Age]
[00:14:38] [Server thread/INFO]: Shadowne_ has made the advancement [Monster Hunter]
[00:16:18] [Server thread/INFO]: Shadowne_ issued server command: /tps
[00:16:25] [Server thread/INFO]: Shadowne_ issued server command: /plugins
[00:16:31] [Server thread/INFO]: Shadowne_ issued server command: /tp AxelXDw50
[00:16:31] [Server thread/INFO]: [Shadowne_: Teleported Shadowne_ to AxelXDw50]
[00:17:33] [Async Chat Thread - #2/INFO]: [Not Secure] <AxelXDw50> q mrd
